# JRE version: OpenJDK Runtime Environment Temurin-21.0.10+7 (21.0.10+7) (build 21.0.10+7-LTS)
# Java VM: OpenJDK 64-Bit Server VM Temurin-21.0.10+7 (21.0.10+7-LTS, mixed mode, sharing, tiered, compressed oops, compressed class ptrs, parallel gc, windows-amd64)
GC Precious Log:
 CardTable entry size: 512
 CPUs: 4 total, 4 available
 Memory: 3819M
 Large Page Support: Disabled
 NUMA Support: Disabled
 Compressed Oops: Enabled (32-bit)
 Alignments: Space 512K, Generation 512K, Heap 2M
 Heap Min Capacity: 100M
 Heap Initial Capacity: 100M
 Heap Max Capacity: 2G
 Pre-touch: Disabled
 Parallel Workers: 4
Heap:
 PSYoungGen      total 14336K, used 8060K [0x00000000d5580000, 0x00000000d6d00000, 0x0000000100000000)
  eden space 9728K, 36% used [0x00000000d5580000,0x00000000d59022c0,0x00000000d5f00000)
  from space 4608K, 96% used [0x00000000d6880000,0x00000000d6cdce30,0x00000000d6d00000)
  to   space 6144K, 0% used [0x00000000d6100000,0x00000000d6100000,0x00000000d6700000)
 ParOldGen       total 143872K, used 66804K [0x0000000080000000, 0x0000000088c80000, 0x00000000d5580000)
  object space 143872K, 46% used [0x0000000080000000,0x000000008413d380,0x0000000088c80000)
 Metaspace       used 84217K, committed 85888K, reserved 1179648K
  class space    used 8595K, committed 9344K, reserved 1048576K
GC Heap History (20 events):
Event: 4251.907 GC heap before
{Heap before GC invocations=301 (full 4):
 PSYoungGen      total 10240K, used 10224K [0x00000000d5580000, 0x00000000d6100000, 0x0000000100000000)
  eden space 9728K, 100% used [0x00000000d5580000,0x00000000d5f00000,0x00000000d5f00000)
  from space 512K, 96% used [0x00000000d6080000,0x00000000d60fc010,0x00000000d6100000)
  to   space 1024K, 0% used [0x00000000d5f00000,0x00000000d5f00000,0x00000000d6000000)
 ParOldGen       total 143872K, used 57038K [0x0000000080000000, 0x0000000088c80000, 0x00000000d5580000)
  object space 143872K, 39% used [0x0000000080000000,0x00000000837b3a28,0x0000000088c80000)
 Metaspace       used 83460K, committed 85056K, reserved 1179648K
  class space    used 8532K, committed 9280K, reserved 1048576K
}
Event: 4252.023 GC heap after
{Heap after GC invocations=301 (full 4):
 PSYoungGen      total 10752K, used 576K [0x00000000d5580000, 0x00000000d6100000, 0x0000000100000000)
  eden space 9728K, 0% used [0x00000000d5580000,0x00000000d5580000,0x00000000d5f00000)
  from space 1024K, 56% used [0x00000000d5f00000,0x00000000d5f90020,0x00000000d6000000)
  to   space 1024K, 0% used [0x00000000d6000000,0x00000000d6000000,0x00000000d6100000)
 ParOldGen       total 143872K, used 57451K [0x0000000080000000, 0x0000000088c80000, 0x00000000d5580000)
  object space 143872K, 39% used [0x0000000080000000,0x000000008381ac38,0x0000000088c80000)
 Metaspace       used 83460K, committed 85056K, reserved 1179648K
  class space    used 8532K, committed 9280K, reserved 1048576K
}
Event: 4254.241 GC heap before
{Heap before GC invocations=302 (full 4):
 PSYoungGen      total 10752K, used 10128K [0x00000000d5580000, 0x00000000d6100000, 0x0000000100000000)
  eden space 9728K, 98% used [0x00000000d5580000,0x00000000d5ed4100,0x00000000d5f00000)
  from space 1024K, 56% used [0x00000000d5f00000,0x00000000d5f90020,0x00000000d6000000)
  to   space 1024K, 0% used [0x00000000d6000000,0x00000000d6000000,0x00000000d6100000)
 ParOldGen       total 143872K, used 57451K [0x0000000080000000, 0x0000000088c80000, 0x00000000d5580000)
  object space 143872K, 39% used [0x0000000080000000,0x000000008381ac38,0x0000000088c80000)
 Metaspace       used 83648K, committed 85248K, reserved 1179648K
  class space    used 8537K, committed 9280K, reserved 1048576K
}
Event: 4254.256 GC heap after
{Heap after GC invocations=302 (full 4):
 PSYoungGen      total 10752K, used 592K [0x00000000d5580000, 0x00000000d6100000, 0x0000000100000000)
  eden space 9728K, 0% used [0x00000000d5580000,0x00000000d5580000,0x00000000d5f00000)
  from space 1024K, 57% used [0x00000000d6000000,0x00000000d6094010,0x00000000d6100000)
  to   space 1024K, 0% used [0x00000000d5f00000,0x00000000d5f00000,0x00000000d6000000)
 ParOldGen       total 143872K, used 57603K [0x0000000080000000, 0x0000000088c80000, 0x00000000d5580000)
  object space 143872K, 40% used [0x0000000080000000,0x0000000083840c58,0x0000000088c80000)
 Metaspace       used 83648K, committed 85248K, reserved 1179648K
  class space    used 8537K, committed 9280K, reserved 1048576K
}
Event: 4346.701 GC heap before
{Heap before GC invocations=303 (full 4):
 PSYoungGen      total 10752K, used 10268K [0x00000000d5580000, 0x00000000d6100000, 0x0000000100000000)
  eden space 9728K, 99% used [0x00000000d5580000,0x00000000d5ef3158,0x00000000d5f00000)
  from space 1024K, 57% used [0x00000000d6000000,0x00000000d6094010,0x00000000d6100000)
  to   space 1024K, 0% used [0x00000000d5f00000,0x00000000d5f00000,0x00000000d6000000)
 ParOldGen       total 143872K, used 57603K [0x0000000080000000, 0x0000000088c80000, 0x00000000d5580000)
  object space 143872K, 40% used [0x0000000080000000,0x0000000083840c58,0x0000000088c80000)
 Metaspace       used 83682K, committed 85376K, reserved 1179648K
  class space    used 8540K, committed 9344K, reserved 1048576K
}
Event: 4346.771 GC heap after
{Heap after GC invocations=303 (full 4):
 PSYoungGen      total 10752K, used 272K [0x00000000d5580000, 0x00000000d6080000, 0x0000000100000000)
  eden space 9728K, 0% used [0x00000000d5580000,0x00000000d5580000,0x00000000d5f00000)
  from space 1024K, 26% used [0x00000000d5f00000,0x00000000d5f44098,0x00000000d6000000)
  to   space 512K, 0% used [0x00000000d6000000,0x00000000d6000000,0x00000000d6080000)
 ParOldGen       total 143872K, used 58147K [0x0000000080000000, 0x0000000088c80000, 0x00000000d5580000)
  object space 143872K, 40% used [0x0000000080000000,0x00000000838c8d78,0x0000000088c80000)
 Metaspace       used 83682K, committed 85376K, reserved 1179648K
  class space    used 8540K, committed 9344K, reserved 1048576K
}
Event: 4348.861 GC heap before
{Heap before GC invocations=304 (full 4):
 PSYoungGen      total 10752K, used 10000K [0x00000000d5580000, 0x00000000d6080000, 0x0000000100000000)
  eden space 9728K, 100% used [0x00000000d5580000,0x00000000d5f00000,0x00000000d5f00000)
  from space 1024K, 26% used [0x00000000d5f00000,0x00000000d5f44098,0x00000000d6000000)
  to   space 512K, 0% used [0x00000000d6000000,0x00000000d6000000,0x00000000d6080000)
 ParOldGen       total 143872K, used 58147K [0x0000000080000000, 0x0000000088c80000, 0x00000000d5580000)
  object space 143872K, 40% used [0x0000000080000000,0x00000000838c8d78,0x0000000088c80000)
 Metaspace       used 83727K, committed 85376K, reserved 1179648K
  class space    used 8540K, committed 9344K, reserved 1048576K
}
Event: 4348.867 GC heap after
{Heap after GC invocations=304 (full 4):
 PSYoungGen      total 10240K, used 512K [0x00000000d5580000, 0x00000000d6100000, 0x0000000100000000)
  eden space 9728K, 0% used [0x00000000d5580000,0x00000000d5580000,0x00000000d5f00000)
  from space 512K, 100% used [0x00000000d6000000,0x00000000d6080000,0x00000000d6080000)
  to   space 1024K, 0% used [0x00000000d5f00000,0x00000000d5f00000,0x00000000d6000000)
 ParOldGen       total 143872K, used 58371K [0x0000000080000000, 0x0000000088c80000, 0x00000000d5580000)
  object space 143872K, 40% used [0x0000000080000000,0x0000000083900e20,0x0000000088c80000)
 Metaspace       used 83727K, committed 85376K, reserved 1179648K
  class space    used 8540K, committed 9344K, reserved 1048576K
}
Event: 4352.621 GC heap before
{Heap before GC invocations=305 (full 4):
 PSYoungGen      total 10240K, used 10240K [0x00000000d5580000, 0x00000000d6100000, 0x0000000100000000)
  eden space 9728K, 100% used [0x00000000d5580000,0x00000000d5f00000,0x00000000d5f00000)
  from space 512K, 100% used [0x00000000d6000000,0x00000000d6080000,0x00000000d6080000)
  to   space 1024K, 0% used [0x00000000d5f00000,0x00000000d5f00000,0x00000000d6000000)
 ParOldGen       total 143872K, used 58371K [0x0000000080000000, 0x0000000088c80000, 0x00000000d5580000)
  object space 143872K, 40% used [0x0000000080000000,0x0000000083900e20,0x0000000088c80000)
 Metaspace       used 83859K, committed 85568K, reserved 1179648K
  class space    used 8552K, committed 9344K, reserved 1048576K
}
Event: 4352.630 GC heap after
{Heap after GC invocations=305 (full 4):
 PSYoungGen      total 10752K, used 624K [0x00000000d5580000, 0x00000000d6100000, 0x0000000100000000)
  eden space 9728K, 0% used [0x00000000d5580000,0x00000000d5580000,0x00000000d5f00000)
  from space 1024K, 60% used [0x00000000d5f00000,0x00000000d5f9c010,0x00000000d6000000)
  to   space 1024K, 0% used [0x00000000d6000000,0x00000000d6000000,0x00000000d6100000)
 ParOldGen       total 143872K, used 58403K [0x0000000080000000, 0x0000000088c80000, 0x00000000d5580000)
  object space 143872K, 40% used [0x0000000080000000,0x0000000083908e20,0x0000000088c80000)
 Metaspace       used 83859K, committed 85568K, reserved 1179648K
  class space    used 8552K, committed 9344K, reserved 1048576K
}
Event: 4354.757 GC heap before
{Heap before GC invocations=306 (full 4):
 PSYoungGen      total 10752K, used 10352K [0x00000000d5580000, 0x00000000d6100000, 0x0000000100000000)
  eden space 9728K, 100% used [0x00000000d5580000,0x00000000d5f00000,0x00000000d5f00000)
  from space 1024K, 60% used [0x00000000d5f00000,0x00000000d5f9c010,0x00000000d6000000)
  to   space 1024K, 0% used [0x00000000d6000000,0x00000000d6000000,0x00000000d6100000)
 ParOldGen       total 143872K, used 58403K [0x0000000080000000, 0x0000000088c80000, 0x00000000d5580000)
  object space 143872K, 40% used [0x0000000080000000,0x0000000083908e20,0x0000000088c80000)
 Metaspace       used 83886K, committed 85568K, reserved 1179648K
  class space    used 8552K, committed 9344K, reserved 1048576K
}
Event: 4354.763 GC heap after
{Heap after GC invocations=306 (full 4):
 PSYoungGen      total 10752K, used 848K [0x00000000d5580000, 0x00000000d6100000, 0x0000000100000000)
  eden space 9728K, 0% used [0x00000000d5580000,0x00000000d5580000,0x00000000d5f00000)
  from space 1024K, 82% used [0x00000000d6000000,0x00000000d60d4030,0x00000000d6100000)
  to   space 1024K, 0% used [0x00000000d5f00000,0x00000000d5f00000,0x00000000d6000000)
 ParOldGen       total 143872K, used 58611K [0x0000000080000000, 0x0000000088c80000, 0x00000000d5580000)
  object space 143872K, 40% used [0x0000000080000000,0x000000008393cf40,0x0000000088c80000)
 Metaspace       used 83886K, committed 85568K, reserved 1179648K
  class space    used 8552K, committed 9344K, reserved 1048576K
}
Event: 4363.997 GC heap before
{Heap before GC invocations=307 (full 4):
 PSYoungGen      total 10752K, used 10576K [0x00000000d5580000, 0x00000000d6100000, 0x0000000100000000)
  eden space 9728K, 100% used [0x00000000d5580000,0x00000000d5f00000,0x00000000d5f00000)
  from space 1024K, 82% used [0x00000000d6000000,0x00000000d60d4030,0x00000000d6100000)
  to   space 1024K, 0% used [0x00000000d5f00000,0x00000000d5f00000,0x00000000d6000000)
 ParOldGen       total 143872K, used 58611K [0x0000000080000000, 0x0000000088c80000, 0x00000000d5580000)
  object space 143872K, 40% used [0x0000000080000000,0x000000008393cf40,0x0000000088c80000)
 Metaspace       used 83927K, committed 85568K, reserved 1179648K
  class space    used 8554K, committed 9344K, reserved 1048576K
}
Event: 4364.004 GC heap after
{Heap after GC invocations=307 (full 4):
 PSYoungGen      total 10752K, used 160K [0x00000000d5580000, 0x00000000d6080000, 0x0000000100000000)
  eden space 9728K, 0% used [0x00000000d5580000,0x00000000d5580000,0x00000000d5f00000)
  from space 1024K, 15% used [0x00000000d5f00000,0x00000000d5f28000,0x00000000d6000000)
  to   space 512K, 0% used [0x00000000d6000000,0x00000000d6000000,0x00000000d6080000)
 ParOldGen       total 143872K, used 59075K [0x0000000080000000, 0x0000000088c80000, 0x00000000d5580000)
  object space 143872K, 41% used [0x0000000080000000,0x00000000839b0c98,0x0000000088c80000)
 Metaspace       used 83927K, committed 85568K, reserved 1179648K
  class space    used 8554K, committed 9344K, reserved 1048576K
}
Event: 4374.552 GC heap before
{Heap before GC invocations=308 (full 4):
 PSYoungGen      total 10752K, used 8209K [0x00000000d5580000, 0x00000000d6080000, 0x0000000100000000)
  eden space 9728K, 82% used [0x00000000d5580000,0x00000000d5d5c5f0,0x00000000d5f00000)
  from space 1024K, 15% used [0x00000000d5f00000,0x00000000d5f28000,0x00000000d6000000)
  to   space 512K, 0% used [0x00000000d6000000,0x00000000d6000000,0x00000000d6080000)
 ParOldGen       total 143872K, used 59075K [0x0000000080000000, 0x0000000088c80000, 0x00000000d5580000)
  object space 143872K, 41% used [0x0000000080000000,0x00000000839b0c98,0x0000000088c80000)
 Metaspace       used 84058K, committed 85760K, reserved 1179648K
  class space    used 8581K, committed 9344K, reserved 1048576K
}
Event: 4374.563 GC heap after
{Heap after GC invocations=308 (full 4):
 PSYoungGen      total 10240K, used 295K [0x00000000d5580000, 0x00000000d6080000, 0x0000000100000000)
  eden space 9728K, 0% used [0x00000000d5580000,0x00000000d5580000,0x00000000d5f00000)
  from space 512K, 57% used [0x00000000d6000000,0x00000000d6049d90,0x00000000d6080000)
  to   space 512K, 0% used [0x00000000d5f80000,0x00000000d5f80000,0x00000000d6000000)
 ParOldGen       total 143872K, used 59163K [0x0000000080000000, 0x0000000088c80000, 0x00000000d5580000)
  object space 143872K, 41% used [0x0000000080000000,0x00000000839c6c98,0x0000000088c80000)
 Metaspace       used 84058K, committed 85760K, reserved 1179648K
  class space    used 8581K, committed 9344K, reserved 1048576K
}
Event: 4374.760 GC heap before
{Heap before GC invocations=309 (full 4):
 PSYoungGen      total 10240K, used 10023K [0x00000000d5580000, 0x00000000d6080000, 0x0000000100000000)
  eden space 9728K, 100% used [0x00000000d5580000,0x00000000d5f00000,0x00000000d5f00000)
  from space 512K, 57% used [0x00000000d6000000,0x00000000d6049d90,0x00000000d6080000)
  to   space 512K, 0% used [0x00000000d5f80000,0x00000000d5f80000,0x00000000d6000000)
 ParOldGen       total 143872K, used 59163K [0x0000000080000000, 0x0000000088c80000, 0x00000000d5580000)
  object space 143872K, 41% used [0x0000000080000000,0x00000000839c6c98,0x0000000088c80000)
 Metaspace       used 84073K, committed 85760K, reserved 1179648K
  class space    used 8585K, committed 9344K, reserved 1048576K
}
Event: 4374.816 GC heap after
{Heap after GC invocations=309 (full 4):
 PSYoungGen      total 10240K, used 508K [0x00000000d5580000, 0x00000000d7200000, 0x0000000100000000)
  eden space 9728K, 0% used [0x00000000d5580000,0x00000000d5580000,0x00000000d5f00000)
  from space 512K, 99% used [0x00000000d5f80000,0x00000000d5fff000,0x00000000d6000000)
  to   space 9728K, 0% used [0x00000000d6880000,0x00000000d6880000,0x00000000d7200000)
 ParOldGen       total 143872K, used 66588K [0x0000000080000000, 0x0000000088c80000, 0x00000000d5580000)
  object space 143872K, 46% used [0x0000000080000000,0x0000000084107380,0x0000000088c80000)
 Metaspace       used 84073K, committed 85760K, reserved 1179648K
  class space    used 8585K, committed 9344K, reserved 1048576K
}
Event: 4540.535 GC heap before
{Heap before GC invocations=310 (full 4):
 PSYoungGen      total 10240K, used 10235K [0x00000000d5580000, 0x00000000d7200000, 0x0000000100000000)
  eden space 9728K, 99% used [0x00000000d5580000,0x00000000d5effff8,0x00000000d5f00000)
  from space 512K, 99% used [0x00000000d5f80000,0x00000000d5fff000,0x00000000d6000000)
  to   space 9728K, 0% used [0x00000000d6880000,0x00000000d6880000,0x00000000d7200000)
 ParOldGen       total 143872K, used 66588K [0x0000000080000000, 0x0000000088c80000, 0x00000000d5580000)
  object space 143872K, 46% used [0x0000000080000000,0x0000000084107380,0x0000000088c80000)
 Metaspace       used 84178K, committed 85824K, reserved 1179648K
  class space    used 8595K, committed 9344K, reserved 1048576K
}
Event: 4540.645 GC heap after
{Heap after GC invocations=310 (full 4):
 PSYoungGen      total 14336K, used 4467K [0x00000000d5580000, 0x00000000d6d00000, 0x0000000100000000)
  eden space 9728K, 0% used [0x00000000d5580000,0x00000000d5580000,0x00000000d5f00000)
  from space 4608K, 96% used [0x00000000d6880000,0x00000000d6cdce30,0x00000000d6d00000)
  to   space 6144K, 0% used [0x00000000d6100000,0x00000000d6100000,0x00000000d6700000)
 ParOldGen       total 143872K, used 66804K [0x0000000080000000, 0x0000000088c80000, 0x00000000d5580000)
  object space 143872K, 46% used [0x0000000080000000,0x000000008413d380,0x0000000088c80000)
 Metaspace       used 84178K, committed 85824K, reserved 1179648K
  class space    used 8595K, committed 9344K, reserved 1048576K
}

